<?xml version="1.0" encoding="UTF-8"?>
<!-- Generated by org.testng.reporters.JUnitXMLReporter -->
<testsuite ignored="0" hostname="UddhavAher" failures="0" tests="5" name="Default test" time="11.589" errors="0" timestamp="2025-11-24T17:24:37 IST">
  <testcase classname="TestNG_Scripts.Test_Cases" name="testAddRemoveElements" time="7.688"/>
  <testcase classname="TestNG_Scripts.Test_Cases" name="testCheckboxesToggle" time="0.394"/>
  <testcase classname="TestNG_Scripts.Test_Cases" name="testDropdownSelect" time="0.371"/>
  <testcase classname="TestNG_Scripts.Test_Cases" name="testFailedLogin" time="2.174"/>
  <testcase classname="TestNG_Scripts.Test_Cases" name="testSuccessfulLogin" time="0.922"/>
</testsuite> <!-- Default test -->
