<?xml version="1.0" encoding="UTF-8"?>
<testng-results ignored="0" total="5" passed="5" failed="0" skipped="0">
  <reporter-output>
  </reporter-output>
  <suite started-at="2025-11-24T17:24:25 IST" name="Default suite" finished-at="2025-11-24T17:24:37 IST" duration-ms="11589">
    <groups>
    </groups>
    <test started-at="2025-11-24T17:24:25 IST" name="Default test" finished-at="2025-11-24T17:24:37 IST" duration-ms="11589">
      <class name="TestNG_Scripts.Test_Cases">
        <test-method signature="testAddRemoveElements()[pri:0, instance:TestNG_Scripts.Test_Cases@2e9fda69]" started-at="2025-11-24T17:24:25 IST" name="testAddRemoveElements" description="Add / Remove elements - add two and remove one" finished-at="2025-11-24T17:24:33 IST" duration-ms="7688" status="PASS">
          <reporter-output>
          </reporter-output>
        </test-method> <!-- testAddRemoveElements -->
        <test-method signature="testCheckboxesToggle()[pri:0, instance:TestNG_Scripts.Test_Cases@2e9fda69]" started-at="2025-11-24T17:24:33 IST" name="testCheckboxesToggle" description="Checkboxes - toggle and verify" finished-at="2025-11-24T17:24:33 IST" duration-ms="394" status="PASS">
          <reporter-output>
          </reporter-output>
        </test-method> <!-- testCheckboxesToggle -->
        <test-method signature="testDropdownSelect()[pri:0, instance:TestNG_Scripts.Test_Cases@2e9fda69]" started-at="2025-11-24T17:24:33 IST" name="testDropdownSelect" description="Dropdown select and verify selected option" finished-at="2025-11-24T17:24:33 IST" duration-ms="371" status="PASS">
          <reporter-output>
          </reporter-output>
        </test-method> <!-- testDropdownSelect -->
        <test-method signature="testFailedLogin()[pri:0, instance:TestNG_Scripts.Test_Cases@2e9fda69]" started-at="2025-11-24T17:24:33 IST" name="testFailedLogin" description="Login failure with incorrect credentials" finished-at="2025-11-24T17:24:36 IST" duration-ms="2174" status="PASS">
          <reporter-output>
          </reporter-output>
        </test-method> <!-- testFailedLogin -->
        <test-method signature="testSuccessfulLogin()[pri:0, instance:TestNG_Scripts.Test_Cases@2e9fda69]" started-at="2025-11-24T17:24:36 IST" name="testSuccessfulLogin" description="Login success with valid credentials" finished-at="2025-11-24T17:24:37 IST" duration-ms="922" status="PASS">
          <reporter-output>
          </reporter-output>
        </test-method> <!-- testSuccessfulLogin -->
      </class> <!-- TestNG_Scripts.Test_Cases -->
    </test> <!-- Default test -->
  </suite> <!-- Default suite -->
</testng-results>
