<?xml version="1.0" encoding="UTF-8"?>
<!-- Generated by org.testng.reporters.JUnitReportReporter -->
<testsuite hostname="UddhavAher" failures="0" tests="3" name="automation_programs.first_test_case" time="0.023" errors="0" timestamp="2025-11-19T19:07:11 IST" skipped="0">
  <testcase classname="automation_programs.first_test_case" name="login" time="0.017"/>
  <testcase classname="automation_programs.first_test_case" name="open" time="0.003"/>
  <testcase classname="automation_programs.first_test_case" name="logout" time="0.003"/>
</testsuite> <!-- automation_programs.first_test_case -->
